<?xml version="1.0" encoding="UTF-8"?>
<testng-results ignored="0" total="2" passed="2" failed="0" skipped="0">
  <reporter-output>
  </reporter-output>
  <suite started-at="2023-10-22T08:11:24 IST" name="All Test Suite" finished-at="2023-10-22T08:11:52 IST" duration-ms="28433">
    <groups>
    </groups>
    <test started-at="2023-10-22T08:11:24 IST" name="D:/Selenium/RahulShetty/AWSDevOpsCourse/project/CapStoneProject" finished-at="2023-10-22T08:11:52 IST" duration-ms="28433">
      <class name="com.virtusa.SeleniumTests">
        <test-method is-config="true" signature="setUp(java.lang.String)[pri:0, instance:com.virtusa.SeleniumTests@d4342c2]" started-at="2023-10-22T08:11:15 IST" name="setUp" finished-at="2023-10-22T08:11:24 IST" duration-ms="8055" status="PASS">
          <params>
            <param index="0">
              <value>
                <![CDATA[edge]]>
              </value>
            </param>
          </params>
          <reporter-output>
          </reporter-output>
        </test-method> <!-- setUp -->
        <test-method signature="testAutomationPanda(java.lang.String)[pri:0, instance:com.virtusa.SeleniumTests@d4342c2]" started-at="2023-10-22T08:11:24 IST" name="testAutomationPanda" finished-at="2023-10-22T08:11:36 IST" duration-ms="12418" status="PASS">
          <params>
            <param index="0">
              <value>
                <![CDATA[https://automationpanda.com/2021/12/29/want-to-practice-test-automation-try-these-demo-sites/]]>
              </value>
            </param>
          </params>
          <reporter-output>
          </reporter-output>
        </test-method> <!-- testAutomationPanda -->
        <test-method signature="testFlipCartSearchIPhone(java.lang.String)[pri:0, instance:com.virtusa.SeleniumTests@d4342c2]" started-at="2023-10-22T08:11:36 IST" name="testFlipCartSearchIPhone" finished-at="2023-10-22T08:11:52 IST" duration-ms="15904" status="PASS">
          <params>
            <param index="0">
              <value>
                <![CDATA[https://www.flipkart.com/]]>
              </value>
            </param>
          </params>
          <reporter-output>
          </reporter-output>
        </test-method> <!-- testFlipCartSearchIPhone -->
        <test-method is-config="true" signature="tearDown()[pri:0, instance:com.virtusa.SeleniumTests@d4342c2]" started-at="2023-10-22T08:11:52 IST" name="tearDown" finished-at="2023-10-22T08:11:54 IST" duration-ms="1599" status="PASS">
          <reporter-output>
          </reporter-output>
        </test-method> <!-- tearDown -->
      </class> <!-- com.virtusa.SeleniumTests -->
    </test> <!-- D:/Selenium/RahulShetty/AWSDevOpsCourse/project/CapStoneProject -->
  </suite> <!-- All Test Suite -->
</testng-results>
